<?xml version="1.0" encoding="UTF-8"?>
<testsuite xmlns:xsi="http://www.w3.org/2001/XMLSchema-instance" xsi:noNamespaceSchemaLocation="https://maven.apache.org/surefire/maven-surefire-plugin/xsd/surefire-test-report-3.0.xsd" version="3.0" name="com.example.GraphTextAnalyzerTest" time="0.366" tests="8" errors="0" skipped="0" failures="0">
  <properties>
[...]
</properties>
  <testcase name="testRandomWalkComplexGraph" classname="com.example.GraphTextAnalyzerTest" time="0.116"/>
  <testcase name="testRandomWalk" classname="com.example.GraphTextAnalyzerTest" time="0.011"/>
  <testcase name="testRandomWalkWithEmptyGraph" classname="com.example.GraphTextAnalyzerTest" time="0.003"/>
  <testcase name="testQueryBridgeWords" classname="com.example.GraphTextAnalyzerTest" time="0.004"/>
  <testcase name="testRandomWalkWithSpecificGraph1" classname="com.example.GraphTextAnalyzerTest" time="0.005"/>
  <testcase name="testRandomWalkWithSpecificGraph2" classname="com.example.GraphTextAnalyzerTest" time="0.064"/>
  <testcase name="testRandomWalkWithSingleNode" classname="com.example.GraphTextAnalyzerTest" time="0.006"/>
  <testcase name="testRandomWalkWithChineseCharacters" classname="com.example.GraphTextAnalyzerTest" time="0.036"/>
</testsuite>